# JRE version: OpenJDK Runtime Environment Temurin-21.0.7+6 (21.0.7+6) (build 21.0.7+6-LTS)
# Java VM: OpenJDK 64-Bit Server VM Temurin-21.0.7+6 (21.0.7+6-LTS, mixed mode, sharing, tiered, compressed oops, compressed class ptrs, g1 gc, windows-amd64)
GC Precious Log:
 CardTable entry size: 512
 Card Set container configuration: InlinePtr #cards 5 size 8 Array Of Cards #cards 12 size 40 Howl #buckets 4 coarsen threshold 1843 Howl Bitmap #cards 512 size 80 coarsen threshold 460 Card regions per heap region 1 cards per card region 2048
 CPUs: 8 total, 8 available
 Memory: 7987M
 Large Page Support: Disabled
 NUMA Support: Disabled
 Compressed Oops: Enabled (32-bit)
 Heap Region Size: 1M
 Heap Min Capacity: 8M
 Heap Initial Capacity: 126M
 Heap Max Capacity: 2G
 Pre-touch: Disabled
 Parallel Workers: 8
 Concurrent Workers: 2
 Concurrent Refinement Workers: 8
 Periodic GC: Disabled
Heap:
 garbage-first heap   total 162816K, used 112424K [0x0000000080000000, 0x0000000100000000)
  region size 1024K, 21 young (21504K), 4 survivors (4096K)
 Metaspace       used 86711K, committed 88960K, reserved 1179648K
  class space    used 12064K, committed 13184K, reserved 1048576K
GC Heap History (20 events):
Event: 7.901 GC heap before
{Heap before GC invocations=17 (full 0):
 garbage-first heap   total 116736K, used 69291K [0x0000000080000000, 0x0000000100000000)
  region size 1024K, 18 young (18432K), 5 survivors (5120K)
 Metaspace       used 57785K, committed 59584K, reserved 1114112K
  class space    used 8053K, committed 8960K, reserved 1048576K
}
Event: 7.904 GC heap after
{Heap after GC invocations=18 (full 0):
 garbage-first heap   total 116736K, used 59192K [0x0000000080000000, 0x0000000100000000)
  region size 1024K, 6 young (6144K), 6 survivors (6144K)
 Metaspace       used 57785K, committed 59584K, reserved 1114112K
  class space    used 8053K, committed 8960K, reserved 1048576K
}
Event: 8.484 GC heap before
{Heap before GC invocations=19 (full 0):
 garbage-first heap   total 116736K, used 112440K [0x0000000080000000, 0x0000000100000000)
  region size 1024K, 49 young (50176K), 6 survivors (6144K)
 Metaspace       used 60587K, committed 62400K, reserved 1114112K
  class space    used 8393K, committed 9344K, reserved 1048576K
}
Event: 8.489 GC heap after
{Heap after GC invocations=20 (full 0):
 garbage-first heap   total 126976K, used 74824K [0x0000000080000000, 0x0000000100000000)
  region size 1024K, 7 young (7168K), 7 survivors (7168K)
 Metaspace       used 60587K, committed 62400K, reserved 1114112K
  class space    used 8393K, committed 9344K, reserved 1048576K
}
Event: 8.875 GC heap before
{Heap before GC invocations=20 (full 0):
 garbage-first heap   total 126976K, used 110664K [0x0000000080000000, 0x0000000100000000)
  region size 1024K, 43 young (44032K), 7 survivors (7168K)
 Metaspace       used 64313K, committed 66240K, reserved 1114112K
  class space    used 8889K, committed 9856K, reserved 1048576K
}
Event: 8.878 GC heap after
{Heap after GC invocations=21 (full 0):
 garbage-first heap   total 126976K, used 75174K [0x0000000080000000, 0x0000000100000000)
  region size 1024K, 2 young (2048K), 2 survivors (2048K)
 Metaspace       used 64313K, committed 66240K, reserved 1114112K
  class space    used 8889K, committed 9856K, reserved 1048576K
}
Event: 9.051 GC heap before
{Heap before GC invocations=21 (full 0):
 garbage-first heap   total 126976K, used 86438K [0x0000000080000000, 0x0000000100000000)
  region size 1024K, 14 young (14336K), 2 survivors (2048K)
 Metaspace       used 66161K, committed 68160K, reserved 1114112K
  class space    used 9106K, committed 10112K, reserved 1048576K
}
Event: 9.053 GC heap after
{Heap after GC invocations=22 (full 0):
 garbage-first heap   total 126976K, used 76800K [0x0000000080000000, 0x0000000100000000)
  region size 1024K, 3 young (3072K), 3 survivors (3072K)
 Metaspace       used 66161K, committed 68160K, reserved 1114112K
  class space    used 9106K, committed 10112K, reserved 1048576K
}
Event: 9.374 GC heap before
{Heap before GC invocations=23 (full 0):
 garbage-first heap   total 135168K, used 120832K [0x0000000080000000, 0x0000000100000000)
  region size 1024K, 41 young (41984K), 3 survivors (3072K)
 Metaspace       used 68094K, committed 70080K, reserved 1114112K
  class space    used 9377K, committed 10368K, reserved 1048576K
}
Event: 9.378 GC heap after
{Heap after GC invocations=24 (full 0):
 garbage-first heap   total 135168K, used 81128K [0x0000000080000000, 0x0000000100000000)
  region size 1024K, 6 young (6144K), 6 survivors (6144K)
 Metaspace       used 68094K, committed 70080K, reserved 1114112K
  class space    used 9377K, committed 10368K, reserved 1048576K
}
Event: 9.771 GC heap before
{Heap before GC invocations=24 (full 0):
 garbage-first heap   total 135168K, used 120040K [0x0000000080000000, 0x0000000100000000)
  region size 1024K, 44 young (45056K), 6 survivors (6144K)
 Metaspace       used 71146K, committed 73088K, reserved 1114112K
  class space    used 9765K, committed 10752K, reserved 1048576K
}
Event: 9.776 GC heap after
{Heap after GC invocations=25 (full 0):
 garbage-first heap   total 162816K, used 82542K [0x0000000080000000, 0x0000000100000000)
  region size 1024K, 3 young (3072K), 3 survivors (3072K)
 Metaspace       used 71146K, committed 73088K, reserved 1114112K
  class space    used 9765K, committed 10752K, reserved 1048576K
}
Event: 10.399 GC heap before
{Heap before GC invocations=25 (full 0):
 garbage-first heap   total 162816K, used 137838K [0x0000000080000000, 0x0000000100000000)
  region size 1024K, 57 young (58368K), 3 survivors (3072K)
 Metaspace       used 76179K, committed 78144K, reserved 1179648K
  class space    used 10401K, committed 11392K, reserved 1048576K
}
Event: 10.403 GC heap after
{Heap after GC invocations=26 (full 0):
 garbage-first heap   total 162816K, used 84826K [0x0000000080000000, 0x0000000100000000)
  region size 1024K, 5 young (5120K), 5 survivors (5120K)
 Metaspace       used 76179K, committed 78144K, reserved 1179648K
  class space    used 10401K, committed 11392K, reserved 1048576K
}
Event: 10.909 GC heap before
{Heap before GC invocations=27 (full 0):
 garbage-first heap   total 162816K, used 144218K [0x0000000080000000, 0x0000000100000000)
  region size 1024K, 60 young (61440K), 5 survivors (5120K)
 Metaspace       used 78253K, committed 80320K, reserved 1179648K
  class space    used 10696K, committed 11712K, reserved 1048576K
}
Event: 10.915 GC heap after
{Heap after GC invocations=28 (full 0):
 garbage-first heap   total 162816K, used 92375K [0x0000000080000000, 0x0000000100000000)
  region size 1024K, 8 young (8192K), 8 survivors (8192K)
 Metaspace       used 78253K, committed 80320K, reserved 1179648K
  class space    used 10696K, committed 11712K, reserved 1048576K
}
Event: 11.423 GC heap before
{Heap before GC invocations=28 (full 0):
 garbage-first heap   total 162816K, used 143575K [0x0000000080000000, 0x0000000100000000)
  region size 1024K, 58 young (59392K), 8 survivors (8192K)
 Metaspace       used 81934K, committed 84032K, reserved 1179648K
  class space    used 11213K, committed 12288K, reserved 1048576K
}
Event: 11.429 GC heap after
{Heap after GC invocations=29 (full 0):
 garbage-first heap   total 162816K, used 94661K [0x0000000080000000, 0x0000000100000000)
  region size 1024K, 3 young (3072K), 3 survivors (3072K)
 Metaspace       used 81934K, committed 84032K, reserved 1179648K
  class space    used 11213K, committed 12288K, reserved 1048576K
}
Event: 12.071 GC heap before
{Heap before GC invocations=29 (full 0):
 garbage-first heap   total 162816K, used 146885K [0x0000000080000000, 0x0000000100000000)
  region size 1024K, 54 young (55296K), 3 survivors (3072K)
 Metaspace       used 85865K, committed 87936K, reserved 1179648K
  class space    used 11889K, committed 12928K, reserved 1048576K
}
Event: 12.073 GC heap after
{Heap after GC invocations=30 (full 0):
 garbage-first heap   total 162816K, used 96040K [0x0000000080000000, 0x0000000100000000)
  region size 1024K, 4 young (4096K), 4 survivors (4096K)
 Metaspace       used 85865K, committed 87936K, reserved 1179648K
  class space    used 11889K, committed 12928K, reserved 1048576K
}

